0 info it worked if it ends with ok
1 verbose cli [ 'node', '/usr/local/bin/npm', 'install', 'codeday-clear' ]
2 info using npm@2.7.4
3 info using node@v0.12.2
4 warn package.json nginx@0.0.0 No description
5 warn package.json nginx@0.0.0 No repository field.
6 warn package.json nginx@0.0.0 No README data
7 verbose install codeday-clear is installed as 1.0.8
8 silly cache add args [ 'codeday-clear', null ]
9 verbose cache add spec codeday-clear
10 silly cache add parsed spec { raw: 'codeday-clear',
10 silly cache add   scope: null,
10 silly cache add   name: 'codeday-clear',
10 silly cache add   rawSpec: '',
10 silly cache add   spec: '*',
10 silly cache add   type: 'range' }
11 verbose addNamed codeday-clear@*
12 silly addNamed semver.valid null
13 silly addNamed semver.validRange *
14 silly addNameRange { name: 'codeday-clear', range: '*', hasData: false }
15 silly mapToRegistry name codeday-clear
16 silly mapToRegistry using default registry
17 silly mapToRegistry registry https://registry.npmjs.org/
18 silly mapToRegistry uri https://registry.npmjs.org/codeday-clear
19 verbose addNameRange registry:https://registry.npmjs.org/codeday-clear not in flight; fetching
20 verbose request uri https://registry.npmjs.org/codeday-clear
21 verbose request no auth needed
22 info attempt registry request try #1 at 1:57:32 PM
23 verbose request id cdcf45782d35c04c
24 verbose etag "36CVK32PWMA2K7R0SGDGHMYCN"
25 http request GET https://registry.npmjs.org/codeday-clear
26 http 304 https://registry.npmjs.org/codeday-clear
27 silly get cb [ 304,
27 silly get   { date: 'Tue, 19 May 2015 20:57:33 GMT',
27 silly get     via: '1.1 varnish',
27 silly get     'cache-control': 'max-age=60',
27 silly get     etag: '"36CVK32PWMA2K7R0SGDGHMYCN"',
27 silly get     age: '0',
27 silly get     connection: 'keep-alive',
27 silly get     'x-served-by': 'cache-lax1423-LAX',
27 silly get     'x-cache': 'MISS',
27 silly get     'x-cache-hits': '0',
27 silly get     'x-timer': 'S1432069053.932055,VS0,VE140',
27 silly get     vary: 'Accept' } ]
28 verbose etag https://registry.npmjs.org/codeday-clear from cache
29 verbose get saving codeday-clear to /var/root/.npm/registry.npmjs.org/codeday-clear/.cache.json
30 silly addNameRange number 2 { name: 'codeday-clear', range: '*', hasData: true }
31 silly addNameRange versions [ 'codeday-clear',
31 silly addNameRange   [ '1.0.0',
31 silly addNameRange     '1.0.1',
31 silly addNameRange     '1.0.2',
31 silly addNameRange     '1.0.3',
31 silly addNameRange     '1.0.4',
31 silly addNameRange     '1.0.5',
31 silly addNameRange     '1.0.6',
31 silly addNameRange     '1.0.7',
31 silly addNameRange     '1.0.8' ] ]
32 verbose addNamed codeday-clear@1.0.8
33 silly addNamed semver.valid 1.0.8
34 silly addNamed semver.validRange 1.0.8
35 silly cache afterAdd codeday-clear@1.0.8
36 verbose afterAdd /var/root/.npm/codeday-clear/1.0.8/package/package.json not in flight; writing
37 verbose afterAdd /var/root/.npm/codeday-clear/1.0.8/package/package.json written
38 silly install resolved [ { name: 'codeday-clear',
38 silly install resolved     version: '1.0.8',
38 silly install resolved     description: 'Node.js module to interact with Clear\'s API.',
38 silly install resolved     main: 'index.js',
38 silly install resolved     scripts: { test: 'echo No && exit 1' },
38 silly install resolved     repository: { type: 'git', url: 'https://github.com/tjhorner/clear.js' },
38 silly install resolved     keywords: [ 'studentrnd', 'api', 'clear', 'codeday' ],
38 silly install resolved     author: { name: 'TJ Horner' },
38 silly install resolved     license: 'ISC',
38 silly install resolved     bugs: { url: 'https://github.com/tjhorner/clear.js/issues' },
38 silly install resolved     homepage: 'https://github.com/tjhorner/clear.js',
38 silly install resolved     dependencies: { unirest: '^0.4.0' },
38 silly install resolved     gitHead: 'c8e414ad3e5cac2dd21bb9efaf59ed522f558eda',
38 silly install resolved     _id: 'codeday-clear@1.0.8',
38 silly install resolved     _shasum: '93617a56a6dee506e310ec0ce615006ab3aabb29',
38 silly install resolved     _from: 'codeday-clear@*',
38 silly install resolved     _npmVersion: '2.6.0',
38 silly install resolved     _nodeVersion: '0.10.25',
38 silly install resolved     _npmUser: { name: 'tjhorner', email: 'me@tjhorner.com' },
38 silly install resolved     dist:
38 silly install resolved      { shasum: '93617a56a6dee506e310ec0ce615006ab3aabb29',
38 silly install resolved        tarball: 'http://registry.npmjs.org/codeday-clear/-/codeday-clear-1.0.8.tgz' },
38 silly install resolved     maintainers: [ [Object] ],
38 silly install resolved     directories: {},
38 silly install resolved     _resolved: 'https://registry.npmjs.org/codeday-clear/-/codeday-clear-1.0.8.tgz',
38 silly install resolved     readme: 'ERROR: No README data found!' } ]
39 info install codeday-clear@1.0.8 into /Users/sanil
40 info installOne codeday-clear@1.0.8
41 verbose installOne of codeday-clear to /Users/sanil not in flight; installing
42 verbose lock using /var/root/.npm/_locks/codeday-clear-4e2362223a914f2f.lock for /Users/sanil/node_modules/codeday-clear
43 verbose unlock done using /var/root/.npm/_locks/codeday-clear-4e2362223a914f2f.lock for /Users/sanil/node_modules/codeday-clear
44 verbose stack Error: Appears to be a git repo or submodule.
44 verbose stack     at /usr/local/lib/node_modules/npm/node_modules/npm-install-checks/index.js:139:15
44 verbose stack     at FSReqWrap.oncomplete (fs.js:95:15)
45 verbose cwd /Users/sanil/GitHub/MyCodeDay
46 error Darwin 14.3.0
47 error argv "node" "/usr/local/bin/npm" "install" "codeday-clear"
48 error node v0.12.2
49 error npm  v2.7.4
50 error path /Users/sanil/node_modules/codeday-clear
51 error code EISGIT
52 error git Appears to be a git repo or submodule.
52 error git     /Users/sanil/node_modules/codeday-clear
52 error git Refusing to remove it. Update manually,
52 error git or move it out of the way first.
53 verbose exit [ 1, true ]
